2022-03-30 11:01:00.545  INFO 285556 --- [restartedMain] com.mybatis.example.SprintBootRunner     : Starting SprintBootRunner using Java 1.8.0_45 on SF0001415022A with PID 285556 (E:\JavaSpace\springboot-mybatis-example-1\target\classes started by 01415022 in E:\JavaSpace\springboot-mybatis-example-1)
2022-03-30 11:01:00.546  INFO 285556 --- [restartedMain] com.mybatis.example.SprintBootRunner     : No active profile set, falling back to default profiles: default
2022-03-30 11:01:00.802  INFO 285556 --- [restartedMain] o.s.b.w.embedded.tomcat.TomcatWebServer  : Tomcat initialized with port(s): 8089 (http)
2022-03-30 11:01:00.802  INFO 285556 --- [restartedMain] o.apache.catalina.core.StandardService   : Starting service [Tomcat]
2022-03-30 11:01:00.803  INFO 285556 --- [restartedMain] org.apache.catalina.core.StandardEngine  : Starting Servlet engine: [Apache Tomcat/9.0.55]
2022-03-30 11:01:00.850  INFO 285556 --- [restartedMain] o.a.c.c.C.[Tomcat].[localhost].[/]       : Initializing Spring embedded WebApplicationContext
2022-03-30 11:01:00.850  INFO 285556 --- [restartedMain] w.s.c.ServletWebServerApplicationContext : Root WebApplicationContext: initialization completed in 302 ms
2022-03-30 11:01:00.929  INFO 285556 --- [restartedMain] o.s.b.d.a.OptionalLiveReloadServer       : LiveReload server is running on port 35729
2022-03-30 11:01:00.936  INFO 285556 --- [restartedMain] o.s.b.w.embedded.tomcat.TomcatWebServer  : Tomcat started on port(s): 8089 (http) with context path ''
2022-03-30 11:01:00.939  INFO 285556 --- [restartedMain] com.mybatis.example.SprintBootRunner     : Started SprintBootRunner in 0.43 seconds (JVM running for 674.797)
2022-03-30 11:01:00.939  INFO 285556 --- [restartedMain] .ConditionEvaluationDeltaLoggingListener : Condition evaluation unchanged
2022-03-30 11:02:26.951  INFO 285556 --- [restartedMain] com.mybatis.example.SprintBootRunner     : Starting SprintBootRunner using Java 1.8.0_45 on SF0001415022A with PID 285556 (E:\JavaSpace\springboot-mybatis-example-1\target\classes started by 01415022 in E:\JavaSpace\springboot-mybatis-example-1)
2022-03-30 11:02:26.951  INFO 285556 --- [restartedMain] com.mybatis.example.SprintBootRunner     : No active profile set, falling back to default profiles: default
2022-03-30 11:02:27.194  INFO 285556 --- [restartedMain] o.s.b.w.embedded.tomcat.TomcatWebServer  : Tomcat initialized with port(s): 8089 (http)
2022-03-30 11:02:27.195  INFO 285556 --- [restartedMain] o.apache.catalina.core.StandardService   : Starting service [Tomcat]
2022-03-30 11:02:27.195  INFO 285556 --- [restartedMain] org.apache.catalina.core.StandardEngine  : Starting Servlet engine: [Apache Tomcat/9.0.55]
2022-03-30 11:02:27.246  INFO 285556 --- [restartedMain] o.a.c.c.C.[Tomcat].[localhost].[/]       : Initializing Spring embedded WebApplicationContext
2022-03-30 11:02:27.246  INFO 285556 --- [restartedMain] w.s.c.ServletWebServerApplicationContext : Root WebApplicationContext: initialization completed in 294 ms
2022-03-30 11:02:27.309  INFO 285556 --- [restartedMain] o.s.b.d.a.OptionalLiveReloadServer       : LiveReload server is running on port 35729
2022-03-30 11:02:27.314  INFO 285556 --- [restartedMain] o.s.b.w.embedded.tomcat.TomcatWebServer  : Tomcat started on port(s): 8089 (http) with context path ''
2022-03-30 11:02:27.316  INFO 285556 --- [restartedMain] com.mybatis.example.SprintBootRunner     : Started SprintBootRunner in 0.4 seconds (JVM running for 761.174)
2022-03-30 11:02:27.317  INFO 285556 --- [restartedMain] .ConditionEvaluationDeltaLoggingListener : Condition evaluation unchanged
2022-03-30 11:03:06.656  INFO 285556 --- [restartedMain] com.mybatis.example.SprintBootRunner     : Starting SprintBootRunner using Java 1.8.0_45 on SF0001415022A with PID 285556 (E:\JavaSpace\springboot-mybatis-example-1\target\classes started by 01415022 in E:\JavaSpace\springboot-mybatis-example-1)
2022-03-30 11:03:06.656  INFO 285556 --- [restartedMain] com.mybatis.example.SprintBootRunner     : No active profile set, falling back to default profiles: default
2022-03-30 11:03:06.947  INFO 285556 --- [restartedMain] o.s.b.w.embedded.tomcat.TomcatWebServer  : Tomcat initialized with port(s): 8089 (http)
2022-03-30 11:03:06.948  INFO 285556 --- [restartedMain] o.apache.catalina.core.StandardService   : Starting service [Tomcat]
2022-03-30 11:03:06.948  INFO 285556 --- [restartedMain] org.apache.catalina.core.StandardEngine  : Starting Servlet engine: [Apache Tomcat/9.0.55]
2022-03-30 11:03:07.002  INFO 285556 --- [restartedMain] o.a.c.c.C.[Tomcat].[localhost].[/]       : Initializing Spring embedded WebApplicationContext
2022-03-30 11:03:07.002  INFO 285556 --- [restartedMain] w.s.c.ServletWebServerApplicationContext : Root WebApplicationContext: initialization completed in 344 ms
2022-03-30 11:03:07.075  INFO 285556 --- [restartedMain] o.s.b.d.a.OptionalLiveReloadServer       : LiveReload server is running on port 35729
2022-03-30 11:03:07.079  INFO 285556 --- [restartedMain] o.s.b.w.embedded.tomcat.TomcatWebServer  : Tomcat started on port(s): 8089 (http) with context path ''
2022-03-30 11:03:07.081  INFO 285556 --- [restartedMain] com.mybatis.example.SprintBootRunner     : Started SprintBootRunner in 0.459 seconds (JVM running for 800.939)
2022-03-30 11:03:07.082  INFO 285556 --- [restartedMain] .ConditionEvaluationDeltaLoggingListener : Condition evaluation unchanged
2022-03-30 11:03:20.210  INFO 106372 --- [restartedMain] com.mybatis.example.SprintBootRunner     : Starting SprintBootRunner using Java 1.8.0_45 on SF0001415022A with PID 106372 (E:\JavaSpace\springboot-mybatis-example-1\target\classes started by 01415022 in E:\JavaSpace\springboot-mybatis-example-1)
2022-03-30 11:03:20.211  INFO 106372 --- [restartedMain] com.mybatis.example.SprintBootRunner     : No active profile set, falling back to default profiles: default
2022-03-30 11:03:20.249  INFO 106372 --- [restartedMain] o.s.b.devtools.restart.ChangeableUrls    : The Class-Path manifest attribute in C:\users\01415022\.p2\pool\plugins\org.junit.jupiter.params_5.1.0.v20180327-1502.jar referenced one or more files that do not exist: file:/C:/users/01415022/.p2/pool/plugins/univocity-parsers-2.5.9.jar
2022-03-30 11:03:20.250  INFO 106372 --- [restartedMain] .e.DevToolsPropertyDefaultsPostProcessor : Devtools property defaults active! Set 'spring.devtools.add-properties' to 'false' to disable
2022-03-30 11:03:20.250  INFO 106372 --- [restartedMain] .e.DevToolsPropertyDefaultsPostProcessor : For additional web related logging consider setting the 'logging.level.web' property to 'DEBUG'
2022-03-30 11:03:21.538  INFO 106372 --- [restartedMain] o.s.b.w.embedded.tomcat.TomcatWebServer  : Tomcat initialized with port(s): 8089 (http)
2022-03-30 11:03:21.547  INFO 106372 --- [restartedMain] o.apache.catalina.core.StandardService   : Starting service [Tomcat]
2022-03-30 11:03:21.547  INFO 106372 --- [restartedMain] org.apache.catalina.core.StandardEngine  : Starting Servlet engine: [Apache Tomcat/9.0.55]
2022-03-30 11:03:21.724  INFO 106372 --- [restartedMain] o.a.c.c.C.[Tomcat].[localhost].[/]       : Initializing Spring embedded WebApplicationContext
2022-03-30 11:03:21.725  INFO 106372 --- [restartedMain] w.s.c.ServletWebServerApplicationContext : Root WebApplicationContext: initialization completed in 1475 ms
2022-03-30 11:03:22.328  INFO 106372 --- [restartedMain] o.s.b.d.a.OptionalLiveReloadServer       : LiveReload server is running on port 35729
2022-03-30 11:03:22.357  INFO 106372 --- [restartedMain] o.s.b.w.embedded.tomcat.TomcatWebServer  : Tomcat started on port(s): 8089 (http) with context path ''
2022-03-30 11:03:22.364  INFO 106372 --- [restartedMain] com.mybatis.example.SprintBootRunner     : Started SprintBootRunner in 2.47 seconds (JVM running for 3.085)
2022-03-30 11:04:35.257  INFO 106372 --- [http-nio-8089-exec-1] o.a.c.c.C.[Tomcat].[localhost].[/]       : Initializing Spring DispatcherServlet 'dispatcherServlet'
2022-03-30 11:04:35.257  INFO 106372 --- [http-nio-8089-exec-1] o.s.web.servlet.DispatcherServlet        : Initializing Servlet 'dispatcherServlet'
2022-03-30 11:04:35.258  INFO 106372 --- [http-nio-8089-exec-1] o.s.web.servlet.DispatcherServlet        : Completed initialization in 1 ms
2022-03-30 11:04:35.975  INFO 106372 --- [http-nio-8089-exec-1] com.zaxxer.hikari.HikariDataSource       : HikariPool-1 - Starting...
2022-03-30 11:04:36.206  INFO 106372 --- [http-nio-8089-exec-1] com.zaxxer.hikari.HikariDataSource       : HikariPool-1 - Start completed.
2022-03-30 11:05:24.792  INFO 106372 --- [Thread-6] com.zaxxer.hikari.HikariDataSource       : HikariPool-1 - Shutdown initiated...
2022-03-30 11:05:24.795  INFO 106372 --- [Thread-6] com.zaxxer.hikari.HikariDataSource       : HikariPool-1 - Shutdown completed.
2022-03-30 11:05:24.912  INFO 106372 --- [restartedMain] com.mybatis.example.SprintBootRunner     : Starting SprintBootRunner using Java 1.8.0_45 on SF0001415022A with PID 106372 (E:\JavaSpace\springboot-mybatis-example-1\target\classes started by 01415022 in E:\JavaSpace\springboot-mybatis-example-1)
2022-03-30 11:05:24.912  INFO 106372 --- [restartedMain] com.mybatis.example.SprintBootRunner     : No active profile set, falling back to default profiles: default
2022-03-30 11:05:25.230  INFO 106372 --- [restartedMain] o.s.b.w.embedded.tomcat.TomcatWebServer  : Tomcat initialized with port(s): 8089 (http)
2022-03-30 11:05:25.231  INFO 106372 --- [restartedMain] o.apache.catalina.core.StandardService   : Starting service [Tomcat]
2022-03-30 11:05:25.231  INFO 106372 --- [restartedMain] org.apache.catalina.core.StandardEngine  : Starting Servlet engine: [Apache Tomcat/9.0.55]
2022-03-30 11:05:25.288  INFO 106372 --- [restartedMain] o.a.c.c.C.[Tomcat].[localhost].[/]       : Initializing Spring embedded WebApplicationContext
2022-03-30 11:05:25.289  INFO 106372 --- [restartedMain] w.s.c.ServletWebServerApplicationContext : Root WebApplicationContext: initialization completed in 374 ms
2022-03-30 11:05:25.400  INFO 106372 --- [restartedMain] o.s.b.d.a.OptionalLiveReloadServer       : LiveReload server is running on port 35729
2022-03-30 11:05:25.404  INFO 106372 --- [restartedMain] o.s.b.w.embedded.tomcat.TomcatWebServer  : Tomcat started on port(s): 8089 (http) with context path ''
2022-03-30 11:05:25.406  INFO 106372 --- [restartedMain] com.mybatis.example.SprintBootRunner     : Started SprintBootRunner in 0.533 seconds (JVM running for 126.126)
2022-03-30 11:05:25.407  INFO 106372 --- [restartedMain] .ConditionEvaluationDeltaLoggingListener : Condition evaluation unchanged
2022-03-30 11:05:34.504  INFO 106372 --- [http-nio-8089-exec-1] o.a.c.c.C.[Tomcat].[localhost].[/]       : Initializing Spring DispatcherServlet 'dispatcherServlet'
2022-03-30 11:05:34.505  INFO 106372 --- [http-nio-8089-exec-1] o.s.web.servlet.DispatcherServlet        : Initializing Servlet 'dispatcherServlet'
2022-03-30 11:05:34.505  INFO 106372 --- [http-nio-8089-exec-1] o.s.web.servlet.DispatcherServlet        : Completed initialization in 0 ms
2022-03-30 11:05:34.554  INFO 106372 --- [http-nio-8089-exec-1] com.zaxxer.hikari.HikariDataSource       : HikariPool-2 - Starting...
2022-03-30 11:05:34.573  INFO 106372 --- [http-nio-8089-exec-1] com.zaxxer.hikari.HikariDataSource       : HikariPool-2 - Start completed.
2022-03-30 11:06:21.524 ERROR 106372 --- [http-nio-8089-exec-3] o.a.c.c.C.[.[.[/].[dispatcherServlet]    : Servlet.service() for servlet [dispatcherServlet] in context with path [] threw exception [Request processing failed; nested exception is org.springframework.jdbc.BadSqlGrammarException: 
### Error querying database.  Cause: java.sql.SQLSyntaxErrorException: You have an error in your SQL syntax; check the manual that corresponds to your MySQL server version for the right syntax to use near '       
		 
		order by createTime DESC' at line 4
### The error may exist in file [E:\JavaSpace\springboot-mybatis-example-1\target\classes\mapper\WaybillMapper.xml]
### The error may involve com.mybatis.example.mapper.WaybillMapper.selectWaybillNoByParams-Inline
### The error occurred while setting parameters
### SQL: select * from ts_waybiilno where 1 = 1        and waybillNo like CONCAT(CONCAT('%',?),'%')                  order by createTime DESC;
### Cause: java.sql.SQLSyntaxErrorException: You have an error in your SQL syntax; check the manual that corresponds to your MySQL server version for the right syntax to use near '       
		 
		order by createTime DESC' at line 4
; bad SQL grammar []; nested exception is java.sql.SQLSyntaxErrorException: You have an error in your SQL syntax; check the manual that corresponds to your MySQL server version for the right syntax to use near '       
		 
		order by createTime DESC' at line 4] with root cause

java.sql.SQLSyntaxErrorException: You have an error in your SQL syntax; check the manual that corresponds to your MySQL server version for the right syntax to use near '       
		 
		order by createTime DESC' at line 4
	at com.mysql.cj.jdbc.exceptions.SQLError.createSQLException(SQLError.java:120) ~[mysql-connector-java-8.0.27.jar:8.0.27]
	at com.mysql.cj.jdbc.exceptions.SQLExceptionsMapping.translateException(SQLExceptionsMapping.java:122) ~[mysql-connector-java-8.0.27.jar:8.0.27]
	at com.mysql.cj.jdbc.ClientPreparedStatement.executeInternal(ClientPreparedStatement.java:953) ~[mysql-connector-java-8.0.27.jar:8.0.27]
	at com.mysql.cj.jdbc.ClientPreparedStatement.execute(ClientPreparedStatement.java:371) ~[mysql-connector-java-8.0.27.jar:8.0.27]
	at com.zaxxer.hikari.pool.ProxyPreparedStatement.execute(ProxyPreparedStatement.java:44) ~[HikariCP-4.0.3.jar:na]
	at com.zaxxer.hikari.pool.HikariProxyPreparedStatement.execute(HikariProxyPreparedStatement.java) ~[HikariCP-4.0.3.jar:na]
	at org.apache.ibatis.executor.statement.PreparedStatementHandler.query(PreparedStatementHandler.java:64) ~[mybatis-3.5.7.jar:3.5.7]
	at org.apache.ibatis.executor.statement.RoutingStatementHandler.query(RoutingStatementHandler.java:79) ~[mybatis-3.5.7.jar:3.5.7]
	at org.apache.ibatis.executor.SimpleExecutor.doQuery(SimpleExecutor.java:63) ~[mybatis-3.5.7.jar:3.5.7]
	at org.apache.ibatis.executor.BaseExecutor.queryFromDatabase(BaseExecutor.java:325) ~[mybatis-3.5.7.jar:3.5.7]
	at org.apache.ibatis.executor.BaseExecutor.query(BaseExecutor.java:156) ~[mybatis-3.5.7.jar:3.5.7]
	at org.apache.ibatis.executor.CachingExecutor.query(CachingExecutor.java:109) ~[mybatis-3.5.7.jar:3.5.7]
	at org.apache.ibatis.executor.CachingExecutor.query(CachingExecutor.java:89) ~[mybatis-3.5.7.jar:3.5.7]
	at org.apache.ibatis.session.defaults.DefaultSqlSession.selectList(DefaultSqlSession.java:151) ~[mybatis-3.5.7.jar:3.5.7]
	at org.apache.ibatis.session.defaults.DefaultSqlSession.selectList(DefaultSqlSession.java:145) ~[mybatis-3.5.7.jar:3.5.7]
	at org.apache.ibatis.session.defaults.DefaultSqlSession.selectList(DefaultSqlSession.java:140) ~[mybatis-3.5.7.jar:3.5.7]
	at sun.reflect.NativeMethodAccessorImpl.invoke0(Native Method) ~[na:1.8.0_45]
	at sun.reflect.NativeMethodAccessorImpl.invoke(NativeMethodAccessorImpl.java:62) ~[na:1.8.0_45]
	at sun.reflect.DelegatingMethodAccessorImpl.invoke(DelegatingMethodAccessorImpl.java:43) ~[na:1.8.0_45]
	at java.lang.reflect.Method.invoke(Method.java:497) ~[na:1.8.0_45]
	at org.mybatis.spring.SqlSessionTemplate$SqlSessionInterceptor.invoke(SqlSessionTemplate.java:427) ~[mybatis-spring-2.0.6.jar:2.0.6]
	at com.sun.proxy.$Proxy58.selectList(Unknown Source) ~[na:na]
	at org.mybatis.spring.SqlSessionTemplate.selectList(SqlSessionTemplate.java:224) ~[mybatis-spring-2.0.6.jar:2.0.6]
	at org.apache.ibatis.binding.MapperMethod.executeForMany(MapperMethod.java:147) ~[mybatis-3.5.7.jar:3.5.7]
	at org.apache.ibatis.binding.MapperMethod.execute(MapperMethod.java:80) ~[mybatis-3.5.7.jar:3.5.7]
	at org.apache.ibatis.binding.MapperProxy$PlainMethodInvoker.invoke(MapperProxy.java:145) ~[mybatis-3.5.7.jar:3.5.7]
	at org.apache.ibatis.binding.MapperProxy.invoke(MapperProxy.java:86) ~[mybatis-3.5.7.jar:3.5.7]
	at com.sun.proxy.$Proxy71.selectWaybillNoByParams(Unknown Source) ~[na:na]
	at com.mybatis.example.service.CreateWaybillService.selectWaybillNoByParams(CreateWaybillService.java:25) ~[classes/:na]
	at com.mybatis.example.controller.WaybillController.selectWaybillNoByNmae(WaybillController.java:109) ~[classes/:na]
	at sun.reflect.NativeMethodAccessorImpl.invoke0(Native Method) ~[na:1.8.0_45]
	at sun.reflect.NativeMethodAccessorImpl.invoke(NativeMethodAccessorImpl.java:62) ~[na:1.8.0_45]
	at sun.reflect.DelegatingMethodAccessorImpl.invoke(DelegatingMethodAccessorImpl.java:43) ~[na:1.8.0_45]
	at java.lang.reflect.Method.invoke(Method.java:497) ~[na:1.8.0_45]
	at org.springframework.web.method.support.InvocableHandlerMethod.doInvoke(InvocableHandlerMethod.java:205) ~[spring-web-5.3.13.jar:5.3.13]
	at org.springframework.web.method.support.InvocableHandlerMethod.invokeForRequest(InvocableHandlerMethod.java:150) ~[spring-web-5.3.13.jar:5.3.13]
	at org.springframework.web.servlet.mvc.method.annotation.ServletInvocableHandlerMethod.invokeAndHandle(ServletInvocableHandlerMethod.java:117) ~[spring-webmvc-5.3.13.jar:5.3.13]
	at org.springframework.web.servlet.mvc.method.annotation.RequestMappingHandlerAdapter.invokeHandlerMethod(RequestMappingHandlerAdapter.java:895) ~[spring-webmvc-5.3.13.jar:5.3.13]
	at org.springframework.web.servlet.mvc.method.annotation.RequestMappingHandlerAdapter.handleInternal(RequestMappingHandlerAdapter.java:808) ~[spring-webmvc-5.3.13.jar:5.3.13]
	at org.springframework.web.servlet.mvc.method.AbstractHandlerMethodAdapter.handle(AbstractHandlerMethodAdapter.java:87) ~[spring-webmvc-5.3.13.jar:5.3.13]
	at org.springframework.web.servlet.DispatcherServlet.doDispatch(DispatcherServlet.java:1067) ~[spring-webmvc-5.3.13.jar:5.3.13]
	at org.springframework.web.servlet.DispatcherServlet.doService(DispatcherServlet.java:963) ~[spring-webmvc-5.3.13.jar:5.3.13]
	at org.springframework.web.servlet.FrameworkServlet.processRequest(FrameworkServlet.java:1006) ~[spring-webmvc-5.3.13.jar:5.3.13]
	at org.springframework.web.servlet.FrameworkServlet.doGet(FrameworkServlet.java:898) ~[spring-webmvc-5.3.13.jar:5.3.13]
	at javax.servlet.http.HttpServlet.service(HttpServlet.java:655) ~[tomcat-embed-core-9.0.55.jar:4.0.FR]
	at org.springframework.web.servlet.FrameworkServlet.service(FrameworkServlet.java:883) ~[spring-webmvc-5.3.13.jar:5.3.13]
	at javax.servlet.http.HttpServlet.service(HttpServlet.java:764) ~[tomcat-embed-core-9.0.55.jar:4.0.FR]
	at org.apache.catalina.core.ApplicationFilterChain.internalDoFilter(ApplicationFilterChain.java:227) ~[tomcat-embed-core-9.0.55.jar:9.0.55]
	at org.apache.catalina.core.ApplicationFilterChain.doFilter(ApplicationFilterChain.java:162) ~[tomcat-embed-core-9.0.55.jar:9.0.55]
	at org.apache.tomcat.websocket.server.WsFilter.doFilter(WsFilter.java:53) ~[tomcat-embed-websocket-9.0.55.jar:9.0.55]
	at org.apache.catalina.core.ApplicationFilterChain.internalDoFilter(ApplicationFilterChain.java:189) ~[tomcat-embed-core-9.0.55.jar:9.0.55]
	at org.apache.catalina.core.ApplicationFilterChain.doFilter(ApplicationFilterChain.java:162) ~[tomcat-embed-core-9.0.55.jar:9.0.55]
	at org.springframework.web.filter.RequestContextFilter.doFilterInternal(RequestContextFilter.java:100) ~[spring-web-5.3.13.jar:5.3.13]
	at org.springframework.web.filter.OncePerRequestFilter.doFilter(OncePerRequestFilter.java:119) ~[spring-web-5.3.13.jar:5.3.13]
	at org.apache.catalina.core.ApplicationFilterChain.internalDoFilter(ApplicationFilterChain.java:189) ~[tomcat-embed-core-9.0.55.jar:9.0.55]
	at org.apache.catalina.core.ApplicationFilterChain.doFilter(ApplicationFilterChain.java:162) ~[tomcat-embed-core-9.0.55.jar:9.0.55]
	at org.springframework.web.filter.FormContentFilter.doFilterInternal(FormContentFilter.java:93) ~[spring-web-5.3.13.jar:5.3.13]
	at org.springframework.web.filter.OncePerRequestFilter.doFilter(OncePerRequestFilter.java:119) ~[spring-web-5.3.13.jar:5.3.13]
	at org.apache.catalina.core.ApplicationFilterChain.internalDoFilter(ApplicationFilterChain.java:189) ~[tomcat-embed-core-9.0.55.jar:9.0.55]
	at org.apache.catalina.core.ApplicationFilterChain.doFilter(ApplicationFilterChain.java:162) ~[tomcat-embed-core-9.0.55.jar:9.0.55]
	at org.springframework.web.filter.CharacterEncodingFilter.doFilterInternal(CharacterEncodingFilter.java:201) ~[spring-web-5.3.13.jar:5.3.13]
	at org.springframework.web.filter.OncePerRequestFilter.doFilter(OncePerRequestFilter.java:119) ~[spring-web-5.3.13.jar:5.3.13]
	at org.apache.catalina.core.ApplicationFilterChain.internalDoFilter(ApplicationFilterChain.java:189) ~[tomcat-embed-core-9.0.55.jar:9.0.55]
	at org.apache.catalina.core.ApplicationFilterChain.doFilter(ApplicationFilterChain.java:162) ~[tomcat-embed-core-9.0.55.jar:9.0.55]
	at org.apache.catalina.core.StandardWrapperValve.invoke(StandardWrapperValve.java:197) ~[tomcat-embed-core-9.0.55.jar:9.0.55]
	at org.apache.catalina.core.StandardContextValve.invoke(StandardContextValve.java:97) [tomcat-embed-core-9.0.55.jar:9.0.55]
	at org.apache.catalina.authenticator.AuthenticatorBase.invoke(AuthenticatorBase.java:540) [tomcat-embed-core-9.0.55.jar:9.0.55]
	at org.apache.catalina.core.StandardHostValve.invoke(StandardHostValve.java:135) [tomcat-embed-core-9.0.55.jar:9.0.55]
	at org.apache.catalina.valves.ErrorReportValve.invoke(ErrorReportValve.java:92) [tomcat-embed-core-9.0.55.jar:9.0.55]
	at org.apache.catalina.core.StandardEngineValve.invoke(StandardEngineValve.java:78) [tomcat-embed-core-9.0.55.jar:9.0.55]
	at org.apache.catalina.connector.CoyoteAdapter.service(CoyoteAdapter.java:357) [tomcat-embed-core-9.0.55.jar:9.0.55]
	at org.apache.coyote.http11.Http11Processor.service(Http11Processor.java:382) [tomcat-embed-core-9.0.55.jar:9.0.55]
	at org.apache.coyote.AbstractProcessorLight.process(AbstractProcessorLight.java:65) [tomcat-embed-core-9.0.55.jar:9.0.55]
	at org.apache.coyote.AbstractProtocol$ConnectionHandler.process(AbstractProtocol.java:895) [tomcat-embed-core-9.0.55.jar:9.0.55]
	at org.apache.tomcat.util.net.NioEndpoint$SocketProcessor.doRun(NioEndpoint.java:1722) [tomcat-embed-core-9.0.55.jar:9.0.55]
	at org.apache.tomcat.util.net.SocketProcessorBase.run(SocketProcessorBase.java:49) [tomcat-embed-core-9.0.55.jar:9.0.55]
	at org.apache.tomcat.util.threads.ThreadPoolExecutor.runWorker(ThreadPoolExecutor.java:1191) [tomcat-embed-core-9.0.55.jar:9.0.55]
	at org.apache.tomcat.util.threads.ThreadPoolExecutor$Worker.run(ThreadPoolExecutor.java:659) [tomcat-embed-core-9.0.55.jar:9.0.55]
	at org.apache.tomcat.util.threads.TaskThread$WrappingRunnable.run(TaskThread.java:61) [tomcat-embed-core-9.0.55.jar:9.0.55]
	at java.lang.Thread.run(Thread.java:745) [na:1.8.0_45]

2022-03-30 11:07:02.534  INFO 106372 --- [Thread-8] com.zaxxer.hikari.HikariDataSource       : HikariPool-2 - Shutdown initiated...
2022-03-30 11:07:02.540  INFO 106372 --- [Thread-8] com.zaxxer.hikari.HikariDataSource       : HikariPool-2 - Shutdown completed.
